<?xml version="1.0" encoding="UTF-8"?>
<testng-results ignored="0" total="1" passed="1" failed="0" skipped="0">
  <reporter-output>
  </reporter-output>
  <suite started-at="2023-10-20T12:58:52 IST" name="Default suite" finished-at="2023-10-20T12:59:58 IST" duration-ms="66484">
    <groups>
    </groups>
    <test started-at="2023-10-20T12:58:52 IST" name="Default test" finished-at="2023-10-20T12:59:58 IST" duration-ms="66484">
      <class name="com.test.Testcase">
        <test-method is-config="true" signature="TIME_BEFORETEST()[pri:0, instance:com.test.Testcase@34123d65]" started-at="2023-10-20T12:58:52 IST" name="TIME_BEFORETEST" finished-at="2023-10-20T12:58:52 IST" duration-ms="41" status="PASS">
          <reporter-output>
          </reporter-output>
        </test-method> <!-- TIME_BEFORETEST -->
        <test-method is-config="true" signature="BROWSER_LANUCH()[pri:0, instance:com.test.Testcase@34123d65]" started-at="2023-10-20T12:58:52 IST" name="BROWSER_LANUCH" finished-at="2023-10-20T12:59:40 IST" duration-ms="47976" status="PASS">
          <reporter-output>
          </reporter-output>
        </test-method> <!-- BROWSER_LANUCH -->
        <test-method signature="TC_1()[pri:0, instance:com.test.Testcase@34123d65]" started-at="2023-10-20T12:59:40 IST" name="TC_1" finished-at="2023-10-20T12:59:58 IST" duration-ms="18356" status="PASS">
          <reporter-output>
          </reporter-output>
        </test-method> <!-- TC_1 -->
        <test-method is-config="true" signature="CLOSE_BROWSER()[pri:0, instance:com.test.Testcase@34123d65]" started-at="2023-10-20T12:59:58 IST" name="CLOSE_BROWSER" finished-at="2023-10-20T12:59:58 IST" duration-ms="96" status="PASS">
          <reporter-output>
          </reporter-output>
        </test-method> <!-- CLOSE_BROWSER -->
        <test-method is-config="true" signature="TIME_AFTERTEST()[pri:0, instance:com.test.Testcase@34123d65]" started-at="2023-10-20T12:59:58 IST" name="TIME_AFTERTEST" finished-at="2023-10-20T12:59:58 IST" duration-ms="0" status="PASS">
          <reporter-output>
          </reporter-output>
        </test-method> <!-- TIME_AFTERTEST -->
      </class> <!-- com.test.Testcase -->
    </test> <!-- Default test -->
  </suite> <!-- Default suite -->
</testng-results>
